This is pdfTeX, Version 3.14159265-2.6-1.40.18 (MiKTeX 2.9.6300 64-bit) (preloaded format=pdflatex 2017.5.18)  19 MAY 2017 00:14
entering extended mode
**"./Rapport GLP.tex"
("Rapport GLP.tex"
LaTeX2e <2017-04-15>
Babel <3.9r> and hyphenation patterns for 75 language(s) loaded.
("C:\Program Files (x86)\MiKTeX 2.9\tex\latex\base\article.cls"
Document Class: article 2014/09/29 v1.4h Standard LaTeX document class
("C:\Program Files (x86)\MiKTeX 2.9\tex\latex\base\size11.clo"
File: size11.clo 2014/09/29 v1.4h Standard LaTeX file (size option)
)
\c@part=\count79
\c@section=\count80
\c@subsection=\count81
\c@subsubsection=\count82
\c@paragraph=\count83
\c@subparagraph=\count84
\c@figure=\count85
\c@table=\count86
\abovecaptionskip=\skip41
\belowcaptionskip=\skip42
\bibindent=\dimen102
)
("C:\Program Files (x86)\MiKTeX 2.9\tex\generic\babel\babel.sty"
Package: babel 2016/04/23 3.9r The Babel package

*************************************
* Local config file bblopts.cfg used
*
("C:\Program Files (x86)\MiKTeX 2.9\tex\latex\arabi\bblopts.cfg"
File: bblopts.cfg 2005/09/08 v0.1 add Arabic and Farsi to "declared" options of babel
)
("C:\Program Files (x86)\MiKTeX 2.9\tex\generic\babel-french\frenchb.ldf"
Language: frenchb 2017/01/30 v3.2g French support from the babel system

("C:\Program Files (x86)\MiKTeX 2.9\tex\generic\babel\babel.def"
File: babel.def 2016/04/23 3.9r Babel common definitions
\babel@savecnt=\count87
\U@D=\dimen103
)
\l@acadian = a dialect from \language\l@french 
\l@canadien = a dialect from \language\l@french 
\FB@nonchar=\count88
\FBcolonskip=\skip43
\FBthinskip=\skip44
Package babel Info: Making : an active character on input line 365.
Package babel Info: Making ; an active character on input line 366.
Package babel Info: Making ! an active character on input line 367.
Package babel Info: Making ? an active character on input line 368.
\FBguillskip=\skip45
\FBguill@level=\count89
\FB@everypar=\toks14
\FB@Mht=\dimen104
\mc@charclass=\count90
\mc@charfam=\count91
\mc@charslot=\count92
\std@mcc=\count93
\dec@mcc=\count94
\listindentFB=\skip46
\descindentFB=\skip47
\labelwidthFB=\skip48
\leftmarginFB=\skip49
\parindentFFN=\dimen105
\FBfnindent=\skip50
))
("C:\Program Files (x86)\MiKTeX 2.9\tex\latex\carlisle\scalefnt.sty")
("C:\Program Files (x86)\MiKTeX 2.9\tex\latex\graphics\keyval.sty"
Package: keyval 2014/10/28 v1.15 key=value parser (DPC)
\KV@toks@=\toks15
)
("C:\Program Files (x86)\MiKTeX 2.9\tex\latex\base\inputenc.sty"
Package: inputenc 2015/03/17 v1.2c Input encoding file
\inpenc@prehook=\toks16
\inpenc@posthook=\toks17

("C:\Program Files (x86)\MiKTeX 2.9\tex\latex\base\latin1.def"
File: latin1.def 2015/03/17 v1.2c Input encoding file
))
("C:\Program Files (x86)\MiKTeX 2.9\tex\latex\base\fontenc.sty"
Package: fontenc 2017/04/05 v2.0i Standard LaTeX package

("C:\Program Files (x86)\MiKTeX 2.9\tex\latex\base\t1enc.def"
File: t1enc.def 2017/04/05 v2.0i Standard LaTeX file
LaTeX Font Info:    Redeclaring font encoding T1 on input line 48.
))
("C:\Program Files (x86)\MiKTeX 2.9\tex\latex\tools\verbatim.sty"
Package: verbatim 2014/10/28 v1.5q LaTeX2e package for verbatim enhancements
\every@verbatim=\toks18
\verbatim@line=\toks19
\verbatim@in@stream=\read1
)
("C:\Program Files (x86)\MiKTeX 2.9\tex\latex\graphics\graphicx.sty"
Package: graphicx 2014/10/28 v1.0g Enhanced LaTeX Graphics (DPC,SPQR)

("C:\Program Files (x86)\MiKTeX 2.9\tex\latex\graphics\graphics.sty"
Package: graphics 2017/04/14 v1.1b Standard LaTeX Graphics (DPC,SPQR)

("C:\Program Files (x86)\MiKTeX 2.9\tex\latex\graphics\trig.sty"
Package: trig 2016/01/03 v1.10 sin cos tan (DPC)
)
("C:\Program Files (x86)\MiKTeX 2.9\tex\latex\graphics-cfg\graphics.cfg"
File: graphics.cfg 2016/06/04 v1.11 sample graphics configuration
)
Package graphics Info: Driver file: pdftex.def on input line 99.

("C:\Program Files (x86)\MiKTeX 2.9\tex\latex\graphics-def\pdftex.def"
File: pdftex.def 2017/01/12 v0.06k Graphics/color for pdfTeX

("C:\Program Files (x86)\MiKTeX 2.9\tex\generic\oberdiek\infwarerr.sty"
Package: infwarerr 2016/05/16 v1.4 Providing info/warning/error messages (HO)
)
("C:\Program Files (x86)\MiKTeX 2.9\tex\generic\oberdiek\ltxcmds.sty"
Package: ltxcmds 2016/05/16 v1.23 LaTeX kernel commands for general use (HO)
)
\Gread@gobject=\count95
))
\Gin@req@height=\dimen106
\Gin@req@width=\dimen107
)
("C:\Program Files (x86)\MiKTeX 2.9\tex\latex\oberdiek\epstopdf.sty"
Package: epstopdf 2016/05/15 v2.6 Conversion with epstopdf on the fly (HO)

("C:\Program Files (x86)\MiKTeX 2.9\tex\latex\oberdiek\epstopdf-base.sty"
Package: epstopdf-base 2016/05/15 v2.6 Base part for package epstopdf

("C:\Program Files (x86)\MiKTeX 2.9\tex\latex\oberdiek\grfext.sty"
Package: grfext 2016/05/16 v1.2 Manage graphics extensions (HO)

("C:\Program Files (x86)\MiKTeX 2.9\tex\generic\oberdiek\kvdefinekeys.sty"
Package: kvdefinekeys 2016/05/16 v1.4 Define keys (HO)
))
("C:\Program Files (x86)\MiKTeX 2.9\tex\latex\oberdiek\kvoptions.sty"
Package: kvoptions 2016/05/16 v3.12 Key value format for package options (HO)

("C:\Program Files (x86)\MiKTeX 2.9\tex\generic\oberdiek\kvsetkeys.sty"
Package: kvsetkeys 2016/05/16 v1.17 Key value parser (HO)

("C:\Program Files (x86)\MiKTeX 2.9\tex\generic\oberdiek\etexcmds.sty"
Package: etexcmds 2016/05/16 v1.6 Avoid name clashes with e-TeX commands (HO)

("C:\Program Files (x86)\MiKTeX 2.9\tex\generic\oberdiek\ifluatex.sty"
Package: ifluatex 2016/05/16 v1.4 Provides the ifluatex switch (HO)
Package ifluatex Info: LuaTeX not detected.
)
Package etexcmds Info: Could not find \expanded.
(etexcmds)             That can mean that you are not using pdfTeX 1.50 or
(etexcmds)             that some package has redefined \expanded.
(etexcmds)             In the latter case, load this package earlier.
)))
("C:\Program Files (x86)\MiKTeX 2.9\tex\generic\oberdiek\pdftexcmds.sty"
Package: pdftexcmds 2017/03/19 v0.25 Utility functions of pdfTeX for LuaTeX (HO)

("C:\Program Files (x86)\MiKTeX 2.9\tex\generic\oberdiek\ifpdf.sty"
Package: ifpdf 2017/03/15 v3.2 Provides the ifpdf switch
)
Package pdftexcmds Info: LuaTeX not detected.
Package pdftexcmds Info: \pdf@primitive is available.
Package pdftexcmds Info: \pdf@ifprimitive is available.
Package pdftexcmds Info: \pdfdraftmode found.
)
Package epstopdf-base Info: Redefining graphics rule for `.eps' on input line 438.
Package grfext Info: Graphics extension search list:
(grfext)             [.png,.pdf,.jpg,.mps,.jpeg,.jbig2,.jb2,.PNG,.PDF,.JPG,.JPEG,.JBIG2,.JB2,.eps]
(grfext)             \AppendGraphicsExtensions on input line 456.
)) (macro.sty)
("C:\Program Files (x86)\MiKTeX 2.9\tex\latex\algorithms\algorithm.sty"
Package: algorithm 2009/08/24 v0.1 Document Style `algorithm' - floating environment

("C:\Program Files (x86)\MiKTeX 2.9\tex\latex\float\float.sty"
Package: float 2001/11/08 v1.3d Float enhancements (AL)
\c@float@type=\count96
\float@exts=\toks20
\float@box=\box26
\@float@everytoks=\toks21
\@floatcapt=\box27
)
("C:\Program Files (x86)\MiKTeX 2.9\tex\latex\base\ifthen.sty"
Package: ifthen 2014/09/29 v1.1c Standard LaTeX ifthen package (DPC)
)
\@float@every@algorithm=\toks22
\c@algorithm=\count97
)
("C:\Program Files (x86)\MiKTeX 2.9\tex\latex\algorithms\algorithmic.sty"
Package: algorithmic 2009/08/24 v0.1 Document Style `algorithmic'
\c@ALC@unique=\count98
\c@ALC@line=\count99
\c@ALC@rem=\count100
\c@ALC@depth=\count101
\ALC@tlm=\skip51
\algorithmicindent=\skip52
)
("C:\Program Files (x86)\MiKTeX 2.9\tex\latex\geometry\geometry.sty"
Package: geometry 2010/09/12 v5.6 Page Geometry

("C:\Program Files (x86)\MiKTeX 2.9\tex\generic\oberdiek\ifvtex.sty"
Package: ifvtex 2016/05/16 v1.6 Detect VTeX and its facilities (HO)
Package ifvtex Info: VTeX not detected.
)
("C:\Program Files (x86)\MiKTeX 2.9\tex\generic\ifxetex\ifxetex.sty"
Package: ifxetex 2010/09/12 v0.6 Provides ifxetex conditional
)
\Gm@cnth=\count102
\Gm@cntv=\count103
\c@Gm@tempcnt=\count104
\Gm@bindingoffset=\dimen108
\Gm@wd@mp=\dimen109
\Gm@odd@mp=\dimen110
\Gm@even@mp=\dimen111
\Gm@layoutwidth=\dimen112
\Gm@layoutheight=\dimen113
\Gm@layouthoffset=\dimen114
\Gm@layoutvoffset=\dimen115
\Gm@dimlist=\toks23

("C:\Program Files (x86)\MiKTeX 2.9\tex\latex\geometry\geometry.cfg")) ("Rapport GLP.aux")
\openout1 = `"Rapport GLP.aux"'.

LaTeX Font Info:    Checking defaults for OML/cmm/m/it on input line 27.
LaTeX Font Info:    ... okay on input line 27.
LaTeX Font Info:    Checking defaults for T1/cmr/m/n on input line 27.
LaTeX Font Info:    ... okay on input line 27.
LaTeX Font Info:    Checking defaults for OT1/cmr/m/n on input line 27.
LaTeX Font Info:    ... okay on input line 27.
LaTeX Font Info:    Checking defaults for OMS/cmsy/m/n on input line 27.
LaTeX Font Info:    ... okay on input line 27.
LaTeX Font Info:    Checking defaults for OMX/cmex/m/n on input line 27.
LaTeX Font Info:    ... okay on input line 27.
LaTeX Font Info:    Checking defaults for U/cmr/m/n on input line 27.
LaTeX Font Info:    ... okay on input line 27.
LaTeX Info: Redefining \degres on input line 27.
LaTeX Info: Redefining \dots on input line 27.
LaTeX Info: Redefining \up on input line 27.

("C:\Program Files (x86)\MiKTeX 2.9\tex\context\base\supp-pdf.mkii"
[Loading MPS to PDF converter (version 2006.09.02).]
\scratchcounter=\count105
\scratchdimen=\dimen116
\scratchbox=\box28
\nofMPsegments=\count106
\nofMParguments=\count107
\everyMPshowfont=\toks24
\MPscratchCnt=\count108
\MPscratchDim=\dimen117
\MPnumerator=\count109
\makeMPintoPDFobject=\count110
\everyMPtoPDFconversion=\toks25
)
*geometry* driver: auto-detecting
*geometry* detected driver: pdftex
*geometry* verbose mode - [ preamble ] result:
* driver: pdftex
* paper: a4paper
* layout: <same size as paper>
* layoutoffset:(h,v)=(0.0pt,0.0pt)
* modes: 
* h-part:(L,W,R)=(56.9055pt, 483.69687pt, 56.9055pt)
* v-part:(T,H,B)=(56.9055pt, 731.23584pt, 56.9055pt)
* \paperwidth=597.50787pt
* \paperheight=845.04684pt
* \textwidth=483.69687pt
* \textheight=731.23584pt
* \oddsidemargin=-15.36449pt
* \evensidemargin=-15.36449pt
* \topmargin=-52.36449pt
* \headheight=12.0pt
* \headsep=25.0pt
* \topskip=11.0pt
* \footskip=30.0pt
* \marginparwidth=50.0pt
* \marginparsep=10.0pt
* \columnsep=10.0pt
* \skip\footins=10.0pt plus 4.0pt minus 2.0pt
* \hoffset=0.0pt
* \voffset=0.0pt
* \mag=1000
* \@twocolumnfalse
* \@twosidefalse
* \@mparswitchfalse
* \@reversemarginfalse
* (1in=72.27pt=25.4mm, 1cm=28.453pt)

(titre.tex <images/UCP_logo.jpg, id=1, 289.3209pt x 181.8795pt>
File: images/UCP_logo.jpg Graphic file (type jpg)
 <use images/UCP_logo.jpg>
Package pdftex.def Info: images/UCP_logo.jpg used on input line 6.
(pdftex.def)             Requested size: 142.26733pt x 99.58443pt.

<images/histoire.jpg, id=2, 968.61874pt x 467.7475pt>
File: images/histoire.jpg Graphic file (type jpg)
 <use images/histoire.jpg>
Package pdftex.def Info: images/histoire.jpg used on input line 24.
(pdftex.def)             Requested size: 369.8821pt x 199.17189pt.
 [1

{C:/ProgramData/MiKTeX/2.9/pdftex/config/pdftex.map} <./images/UCP_logo.jpg> <./images/histoire.jpg>]) ("Rapport GLP.toc
"
LaTeX Font Info:    External font `cmex10' loaded for size
(Font)              <10.95> on input line 3.
LaTeX Font Info:    External font `cmex10' loaded for size
(Font)              <8> on input line 3.
LaTeX Font Info:    External font `cmex10' loaded for size
(Font)              <6> on input line 3.
)
\tf@toc=\write3
\openout3 = `"Rapport GLP.toc"'.

 ("Rapport GLP.lof")
\tf@lof=\write4
\openout4 = `"Rapport GLP.lof"'.

 [1]
(presentation.tex) (backend.tex [2] <images/bellicisme.png, id=20, 383.93437pt x 181.42781pt>
File: images/bellicisme.png Graphic file (type png)

<use images/bellicisme.png>
Package pdftex.def Info: images/bellicisme.png used on input line 57.
(pdftex.def)             Requested size: 287.95006pt x 136.07053pt.
 [3

] <images/eventUML.png, id=27, 690.58pt x 710.655pt>
File: images/eventUML.png Graphic file (type png)
 <use images/eventUML.png>
Package pdftex.def Info: images/eventUML.png used on input line 74.
(pdftex.def)             Requested size: 345.28915pt x 355.32663pt.
 [4 <./images/bellicisme.png>]
Underfull \hbox (badness 10000) in paragraph at lines 81--93

 []


Underfull \hbox (badness 10000) in paragraph at lines 81--93

 []


Underfull \hbox (badness 10000) in paragraph at lines 81--93

 []

[5 <./images/eventUML.png>]
Underfull \hbox (badness 10000) in paragraph at lines 112--121

 []


Underfull \hbox (badness 10000) in paragraph at lines 112--121

 []

<images/RunningLoop.png, id=38, 312.16624pt x 558.085pt>
File: images/RunningLoop.png Graphic file (type png)
 <use images/RunningLoop.png>
Package pdftex.def Info: images/RunningLoop.png used on input line 127.
(pdftex.def)             Requested size: 156.08273pt x 279.04182pt.
 [6 <./images/RunningLoop.png>]
<images/RunningLoopUML.png, id=44, 708.6475pt x 946.53625pt>
File: images/RunningLoopUML.png Graphic file (type png)
 <use images/RunningLoopUML.png>
Package pdftex.def Info: images/RunningLoopUML.png used on input line 142.
(pdftex.def)             Requested size: 354.32289pt x 473.26697pt.

<images/managerUML.png, id=45, 673.51625pt x 672.5125pt>
File: images/managerUML.png Graphic file (type png)
 <use images/managerUML.png>
Package pdftex.def Info: images/managerUML.png used on input line 153.
(pdftex.def)             Requested size: 336.7573pt x 336.25542pt.
 [7 <./images/RunningLoopUML.png>])
(gui.tex [8 <./images/managerUML.png>] <images/window.png, id=54, 960.58875pt x 540.51938pt>
File: images/window.png Graphic file (type png)
 <use images/window.png>
Package pdftex.def Info: images/window.png used on input line 9.
(pdftex.def)             Requested size: 480.2932pt x 270.25902pt.

<images/chosingframe1.png, id=55, 242.40562pt x 100.12407pt>
File: images/chosingframe1.png Graphic file (type png)
 <use images/chosingframe1.png>
Package pdftex.def Info: images/chosingframe1.png used on input line 19.
(pdftex.def)             Requested size: 121.2025pt x 50.0619pt.

<images/chosingframe2.png, id=56, 242.40562pt x 176.15813pt>
File: images/chosingframe2.png Graphic file (type png)
 <use images/chosingframe2.png>
Package pdftex.def Info: images/chosingframe2.png used on input line 25.
(pdftex.def)             Requested size: 121.2025pt x 88.07884pt.

<images/temps.png, id=57, 909.3975pt x 71.51718pt>
File: images/temps.png Graphic file (type png)
 <use images/temps.png>
Package pdftex.def Info: images/temps.png used on input line 36.
(pdftex.def)             Requested size: 454.69765pt x 35.7585pt.
 [9

 <./images/window.png> <./images/chosingframe1.png> <./images/chosingframe2.png>] <images/details.png, id=64, 960.58875p
t x 540.51938pt>
File: images/details.png Graphic file (type png)
 <use images/details.png>
Package pdftex.def Info: images/details.png used on input line 49.
(pdftex.def)             Requested size: 480.2932pt x 270.25902pt.

<images/graphique.png, id=65, 237.13594pt x 244.66406pt>
File: images/graphique.png Graphic file (type png)
 <use images/graphique.png>
Package pdftex.def Info: images/graphique.png used on input line 60.
(pdftex.def)             Requested size: 237.13535pt x 244.66345pt.

<images/graphique2.png, id=66, 234.1247pt x 234.1247pt>
File: images/graphique2.png Graphic file (type png)
 <use images/graphique2.png>
Package pdftex.def Info: images/graphique2.png used on input line 66.
(pdftex.def)             Requested size: 234.12411pt x 234.12411pt.
 [10 <./images/temps.png> <./images/details.png>] <images/selpeuple.png, id=72, 1280.785pt x 720.6925pt>
File: images/selpeuple.png Graphic file (type png)
 <use images/selpeuple.png>
Package pdftex.def Info: images/selpeuple.png used on input line 77.
(pdftex.def)             Requested size: 480.2932pt x 270.25902pt.
 [11 <./images/graphique.png> <./images/graphique2.png>] <images/selevent.png, id=78, 1280.785pt x 720.6925pt>
File: images/selevent.png Graphic file (type png)
 <use images/selevent.png>
Package pdftex.def Info: images/selevent.png used on input line 88.
(pdftex.def)             Requested size: 480.2932pt x 270.25902pt.
 [12 <./images/selpeuple.png (PNG copy)> <./images/selevent.png (PNG copy)>] <images/logs.png, id=83, 234.8775pt x 161.8
5469pt>
File: images/logs.png Graphic file (type png)

<use images/logs.png>
Package pdftex.def Info: images/logs.png used on input line 104.
(pdftex.def)             Requested size: 234.87692pt x 161.85428pt.
 <images/themes.png, id=84, 1280.785pt x 720.6925pt>
File: images/themes.png Graphic file (type png)
 <use images/themes.png>
Package pdftex.def Info: images/themes.png used on input line 116.
(pdftex.def)             Requested size: 480.2932pt x 270.25902pt.
 [13 <./images/logs.png>] <images/icon.png, id=89, 128.48pt x 128.48pt>
File: images/icon.png Graphic file (type png)
 <use images/icon.png>
Package pdftex.def Info: images/icon.png used on input line 128.
(pdftex.def)             Requested size: 128.47968pt x 128.47968pt.
) (conclusion.tex [14 <./images/themes.png (PNG copy)> <./images/icon.png>])
Underfull \hbox (badness 10000) in paragraph at lines 5--41

 []

[15

] ("Rapport GLP.aux") ) 
Here is how much of TeX's memory you used:
 3773 strings out of 493328
 53709 string characters out of 3136538
 129312 words of memory out of 3000000
 7205 multiletter control sequences out of 15000+200000
 15454 words of font info for 35 fonts, out of 3000000 for 9000
 1141 hyphenation exceptions out of 8191
 42i,7n,30p,537b,439s stack positions out of 5000i,500n,10000p,200000b,50000s
 <C:\Users\matte\AppData\Local\MiKTeX\2.9\fonts\pk\ljfour\jknappen\ec\dpi600\ecrm0900.pk> <C:\Use
rs\matte\AppData\Local\MiKTeX\2.9\fonts\pk\ljfour\jknappen\ec\dpi600\eccc1095.pk> <C:\Users\matte\AppData\Local\MiKTeX\2
.9\fonts\pk\ljfour\jknappen\ec\dpi600\ecti1095.pk> <C:\Users\matte\AppData\Local\MiKTeX\2.9\fonts\pk\ljfour\jknappen\ec\
dpi600\ecrm0800.pk> <C:\Users\matte\AppData\Local\MiKTeX\2.9\fonts\pk\ljfour\jknappen\ec\dpi600\ecbx1200.pk> <C:\Users\m
atte\AppData\Local\MiKTeX\2.9\fonts\pk\ljfour\jknappen\ec\dpi600\ecbx2488.pk> <C:\Users\matte\AppData\Local\MiKTeX\2.9\f
onts\pk\ljfour\jknappen\ec\dpi600\ecbx1095.pk> <C:\Users\matte\AppData\Local\MiKTeX\2.9\fonts\pk\ljfour\jknappen\ec\dpi6
00\ecrm1095.pk> <C:\Users\matte\AppData\Local\MiKTeX\2.9\fonts\pk\ljfour\jknappen\ec\dpi600\ecbx1440.pk><C:/Program File
s (x86)/MiKTeX 2.9/fonts/type1/public/amsfonts/cm/cmr10.pfb><C:/Program Files (x86)/MiKTeX 2.9/fonts/type1/public/amsfon
ts/cm/cmsy10.pfb>
Output written on "Rapport GLP.pdf" (16 pages, 4123872 bytes).
PDF statistics:
 410 PDF objects out of 1000 (max. 8388607)
 0 named destinations out of 1000 (max. 500000)
 96 words of extra memory for PDF output out of 10000 (max. 10000000)

